android/app/build/intermediates/manifest_merge_blame_file/release/processReleaseMainManifest/manifest-merger-blame-release-report.txt
1<?xml version="1.0" encoding="utf-8"?>
2<manifest xmlns:android="http://schemas.android.com/apk/res/android"
3    package="com.yogistudio.app"
4    android:versionCode="3"
5    android:versionName="3.0" >
6
7    <uses-sdk
7-->INJECTED
8        android:minSdkVersion="24"
8-->INJECTED
9        android:targetSdkVersion="36" />
9-->INJECTED
10
11    <!-- Permissions -->
12
13    <uses-permission android:name="android.permission.INTERNET" />
13-->src/main/AndroidManifest.xml:39:5-67
13-->src/main/AndroidManifest.xml:39:22-64
14
15    <queries>
15-->[:capacitor-camera] AndroidManifest.xml:7:5-17:15
16        <intent>
16-->[:capacitor-camera] AndroidManifest.xml:8:9-10:18
17            <action android:name="android.media.action.IMAGE_CAPTURE" />
17-->[:capacitor-camera] AndroidManifest.xml:9:13-73
17-->[:capacitor-camera] AndroidManifest.xml:9:21-70
18        </intent>
19        <intent>
19-->[:capacitor-camera] AndroidManifest.xml:11:9-13:18
20            <action android:name="android.intent.action.GET_CONTENT" />
20-->[:capacitor-camera] AndroidManifest.xml:12:13-72
20-->[:capacitor-camera] AndroidManifest.xml:12:21-69
21        </intent>
22        <intent>
22-->[:capacitor-camera] AndroidManifest.xml:14:9-16:18
23            <action android:name="android.intent.action.PICK" />
23-->[:capacitor-camera] AndroidManifest.xml:15:13-65
23-->[:capacitor-camera] AndroidManifest.xml:15:21-62
24        </intent>
25    </queries>
26
27    <uses-permission android:name="android.permission.VIBRATE" />
27-->[:capacitor-haptics] AndroidManifest.xml:7:5-66
27-->[:capacitor-haptics] AndroidManifest.xml:7:22-63
28    <uses-permission android:name="android.permission.ACCESS_NETWORK_STATE" />
28-->[com.google.firebase:firebase-auth:24.0.1] AndroidManifest.xml:26:5-79
28-->[com.google.firebase:firebase-auth:24.0.1] AndroidManifest.xml:26:22-76
29    <uses-permission android:name="com.google.android.providers.gsf.permission.READ_GSERVICES" />
29-->[com.google.android.recaptcha:recaptcha:18.6.1] AndroidManifest.xml:9:5-98
29-->[com.google.android.recaptcha:recaptcha:18.6.1] AndroidManifest.xml:9:22-95
30
31    <permission
31-->[androidx.core:core:1.17.0] AndroidManifest.xml:22:5-24:47
32        android:name="com.yogistudio.app.DYNAMIC_RECEIVER_NOT_EXPORTED_PERMISSION"
32-->[androidx.core:core:1.17.0] AndroidManifest.xml:23:9-81
33        android:protectionLevel="signature" />
33-->[androidx.core:core:1.17.0] AndroidManifest.xml:24:9-44
34
35    <uses-permission android:name="com.yogistudio.app.DYNAMIC_RECEIVER_NOT_EXPORTED_PERMISSION" />
35-->[androidx.core:core:1.17.0] AndroidManifest.xml:26:5-97
35-->[androidx.core:core:1.17.0] AndroidManifest.xml:26:22-94
36
37    <application
37-->src/main/AndroidManifest.xml:3:5-35:19
38        android:allowBackup="true"
38-->src/main/AndroidManifest.xml:4:9-35
39        android:appComponentFactory="androidx.core.app.CoreComponentFactory"
39-->[androidx.core:core:1.17.0] AndroidManifest.xml:28:18-86
40        android:extractNativeLibs="false"
40-->INJECTED
41        android:icon="@mipmap/ic_launcher"
41-->src/main/AndroidManifest.xml:5:9-43
42        android:label="@string/app_name"
42-->src/main/AndroidManifest.xml:6:9-41
43        android:requestLegacyExternalStorage="true"
43-->[io.ionic.libs:ioncamera-android:1.0.2] AndroidManifest.xml:8:18-61
44        android:roundIcon="@mipmap/ic_launcher_round"
44-->src/main/AndroidManifest.xml:7:9-54
45        android:supportsRtl="true"
45-->src/main/AndroidManifest.xml:8:9-35
46        android:theme="@style/AppTheme" >
46-->src/main/AndroidManifest.xml:9:9-40
47        <activity
47-->src/main/AndroidManifest.xml:10:9-21:20
48            android:name="com.yogistudio.app.MainActivity"
48-->src/main/AndroidManifest.xml:12:13-41
49            android:configChanges="orientation|keyboardHidden|keyboard|screenSize|locale|smallestScreenSize|screenLayout|uiMode|navigation|density"
49-->src/main/AndroidManifest.xml:11:13-148
50            android:exported="true"
50-->src/main/AndroidManifest.xml:16:13-36
51            android:label="@string/title_activity_main"
51-->src/main/AndroidManifest.xml:13:13-56
52            android:launchMode="singleTask"
52-->src/main/AndroidManifest.xml:15:13-44
53            android:theme="@style/AppTheme.NoActionBarLaunch" >
53-->src/main/AndroidManifest.xml:14:13-62
54            <intent-filter>
54-->src/main/AndroidManifest.xml:17:13-20:29
55                <action android:name="android.intent.action.MAIN" />
55-->src/main/AndroidManifest.xml:18:17-69
55-->src/main/AndroidManifest.xml:18:25-66
56
57                <category android:name="android.intent.category.LAUNCHER" />
57-->src/main/AndroidManifest.xml:19:17-77
57-->src/main/AndroidManifest.xml:19:27-74
58            </intent-filter>
59        </activity>
60
61        <provider
61-->INJECTED
62            android:name="androidx.core.content.FileProvider"
62-->src/main/AndroidManifest.xml:24:13-62
63            android:authorities="com.yogistudio.app.fileprovider"
63-->INJECTED
64            android:exported="false"
64-->src/main/AndroidManifest.xml:26:13-37
65            android:grantUriPermissions="true" >
65-->src/main/AndroidManifest.xml:27:13-47
66            <meta-data
66-->src/main/AndroidManifest.xml:28:13-112
67                android:name="android.support.FILE_PROVIDER_PATHS"
67-->src/main/AndroidManifest.xml:28:24-74
68                android:resource="@xml/file_paths" />
68-->src/main/AndroidManifest.xml:28:75-109
69        </provider>
70
71        <!-- Force 120Hz Refresh Rate on Supported Devices -->
72        <meta-data
72-->src/main/AndroidManifest.xml:32:9-92
73            android:name="android.vendor.display.refreshRate"
73-->src/main/AndroidManifest.xml:32:20-69
74            android:value="120" />
74-->src/main/AndroidManifest.xml:32:70-89
75        <meta-data
75-->src/main/AndroidManifest.xml:33:9-89
76            android:name="com.samsung.android.refreshRate"
76-->src/main/AndroidManifest.xml:33:20-66
77            android:value="120" />
77-->src/main/AndroidManifest.xml:33:67-86
78        <meta-data
78-->src/main/AndroidManifest.xml:34:9-88
79            android:name="com.oneplus.screen.refreshRate"
79-->src/main/AndroidManifest.xml:34:20-65
80            android:value="120" />
80-->src/main/AndroidManifest.xml:34:66-85
81
82        <activity
82-->[io.ionic.libs:ioncamera-android:1.0.2] AndroidManifest.xml:9:9-11:86
83            android:name="io.ionic.libs.ioncameralib.view.IONCAMRLoadingActivity"
83-->[io.ionic.libs:ioncamera-android:1.0.2] AndroidManifest.xml:10:13-82
84            android:theme="@android:style/Theme.Translucent.NoTitleBar.Fullscreen" />
84-->[io.ionic.libs:ioncamera-android:1.0.2] AndroidManifest.xml:11:13-83
85        <activity
85-->[io.ionic.libs:ioncamera-android:1.0.2] AndroidManifest.xml:12:9-16:36
86            android:name="io.ionic.libs.ioncameralib.view.IONCAMRImageEditorActivity"
86-->[io.ionic.libs:ioncamera-android:1.0.2] AndroidManifest.xml:13:13-86
87            android:enableOnBackInvokedCallback="true"
87-->[io.ionic.libs:ioncamera-android:1.0.2] AndroidManifest.xml:14:13-55
88            android:theme="@android:style/Theme.Black.NoTitleBar" />
88-->[io.ionic.libs:ioncamera-android:1.0.2] AndroidManifest.xml:15:13-66
89        <activity
89-->[io.ionic.libs:ioncamera-android:1.0.2] AndroidManifest.xml:17:9-20:86
90            android:name="io.ionic.libs.ioncameralib.view.IONCAMROpenPhotoPickerActivity"
90-->[io.ionic.libs:ioncamera-android:1.0.2] AndroidManifest.xml:18:13-90
91            android:exported="false"
91-->[io.ionic.libs:ioncamera-android:1.0.2] AndroidManifest.xml:19:13-37
92            android:theme="@android:style/Theme.Translucent.NoTitleBar.Fullscreen" /> <!-- Trigger Google Play services to install the backported photo picker module. -->
92-->[io.ionic.libs:ioncamera-android:1.0.2] AndroidManifest.xml:20:13-83
93        <service
93-->[io.ionic.libs:ioncamera-android:1.0.2] AndroidManifest.xml:22:9-34:19
94            android:name="com.google.android.gms.metadata.ModuleDependencies"
94-->[io.ionic.libs:ioncamera-android:1.0.2] AndroidManifest.xml:23:13-78
95            android:enabled="false"
95-->[io.ionic.libs:ioncamera-android:1.0.2] AndroidManifest.xml:24:13-36
96            android:exported="false" >
96-->[io.ionic.libs:ioncamera-android:1.0.2] AndroidManifest.xml:25:13-37
97            <intent-filter>
97-->[io.ionic.libs:ioncamera-android:1.0.2] AndroidManifest.xml:27:13-29:29
98                <action android:name="com.google.android.gms.metadata.MODULE_DEPENDENCIES" />
98-->[io.ionic.libs:ioncamera-android:1.0.2] AndroidManifest.xml:28:17-94
98-->[io.ionic.libs:ioncamera-android:1.0.2] AndroidManifest.xml:28:25-91
99            </intent-filter>
100
101            <meta-data
101-->[io.ionic.libs:ioncamera-android:1.0.2] AndroidManifest.xml:31:13-33:36
102                android:name="photopicker_activity:0:required"
102-->[io.ionic.libs:ioncamera-android:1.0.2] AndroidManifest.xml:32:17-63
103                android:value="" />
103-->[io.ionic.libs:ioncamera-android:1.0.2] AndroidManifest.xml:33:17-33
104        </service>
105
106        <provider
106-->[io.ionic.libs:ioncamera-android:1.0.2] AndroidManifest.xml:36:9-44:20
107            android:name="io.ionic.libs.ioncameralib.IONCAMRFileProvider"
107-->[io.ionic.libs:ioncamera-android:1.0.2] AndroidManifest.xml:37:13-74
108            android:authorities="com.yogistudio.app.camera.provider"
108-->[io.ionic.libs:ioncamera-android:1.0.2] AndroidManifest.xml:38:13-67
109            android:exported="false"
109-->[io.ionic.libs:ioncamera-android:1.0.2] AndroidManifest.xml:39:13-37
110            android:grantUriPermissions="true" >
110-->[io.ionic.libs:ioncamera-android:1.0.2] AndroidManifest.xml:40:13-47
111            <meta-data
111-->src/main/AndroidManifest.xml:28:13-112
112                android:name="android.support.FILE_PROVIDER_PATHS"
112-->src/main/AndroidManifest.xml:28:24-74
113                android:resource="@xml/ioncamera_paths" />
113-->src/main/AndroidManifest.xml:28:75-109
114        </provider>
115
116        <activity
116-->[com.google.firebase:firebase-auth:24.0.1] AndroidManifest.xml:29:9-46:20
117            android:name="com.google.firebase.auth.internal.GenericIdpActivity"
117-->[com.google.firebase:firebase-auth:24.0.1] AndroidManifest.xml:30:13-80
118            android:excludeFromRecents="true"
118-->[com.google.firebase:firebase-auth:24.0.1] AndroidManifest.xml:31:13-46
119            android:exported="true"
119-->[com.google.firebase:firebase-auth:24.0.1] AndroidManifest.xml:32:13-36
120            android:launchMode="singleTask"
120-->[com.google.firebase:firebase-auth:24.0.1] AndroidManifest.xml:33:13-44
121            android:theme="@android:style/Theme.Translucent.NoTitleBar" >
121-->[com.google.firebase:firebase-auth:24.0.1] AndroidManifest.xml:34:13-72
122            <intent-filter>
122-->[com.google.firebase:firebase-auth:24.0.1] AndroidManifest.xml:35:13-45:29
123                <action android:name="android.intent.action.VIEW" />
123-->[com.google.firebase:firebase-auth:24.0.1] AndroidManifest.xml:36:17-69
123-->[com.google.firebase:firebase-auth:24.0.1] AndroidManifest.xml:36:25-66
124
125                <category android:name="android.intent.category.DEFAULT" />
125-->[com.google.firebase:firebase-auth:24.0.1] AndroidManifest.xml:38:17-76
125-->[com.google.firebase:firebase-auth:24.0.1] AndroidManifest.xml:38:27-73
126                <category android:name="android.intent.category.BROWSABLE" />
126-->[com.google.firebase:firebase-auth:24.0.1] AndroidManifest.xml:39:17-78
126-->[com.google.firebase:firebase-auth:24.0.1] AndroidManifest.xml:39:27-75
127
128                <data
128-->[com.google.firebase:firebase-auth:24.0.1] AndroidManifest.xml:41:17-44:51
129                    android:host="firebase.auth"
129-->[com.google.firebase:firebase-auth:24.0.1] AndroidManifest.xml:42:21-49
130                    android:path="/"
130-->[com.google.firebase:firebase-auth:24.0.1] AndroidManifest.xml:43:21-37
131                    android:scheme="genericidp" />
131-->[com.google.firebase:firebase-auth:24.0.1] AndroidManifest.xml:44:21-48
132            </intent-filter>
133        </activity>
134        <activity
134-->[com.google.firebase:firebase-auth:24.0.1] AndroidManifest.xml:47:9-64:20
135            android:name="com.google.firebase.auth.internal.RecaptchaActivity"
135-->[com.google.firebase:firebase-auth:24.0.1] AndroidManifest.xml:48:13-79
136            android:excludeFromRecents="true"
136-->[com.google.firebase:firebase-auth:24.0.1] AndroidManifest.xml:49:13-46
137            android:exported="true"
137-->[com.google.firebase:firebase-auth:24.0.1] AndroidManifest.xml:50:13-36
138            android:launchMode="singleTask"
138-->[com.google.firebase:firebase-auth:24.0.1] AndroidManifest.xml:51:13-44
139            android:theme="@android:style/Theme.Translucent.NoTitleBar" >
139-->[com.google.firebase:firebase-auth:24.0.1] AndroidManifest.xml:52:13-72
140            <intent-filter>
140-->[com.google.firebase:firebase-auth:24.0.1] AndroidManifest.xml:53:13-63:29
141                <action android:name="android.intent.action.VIEW" />
141-->[com.google.firebase:firebase-auth:24.0.1] AndroidManifest.xml:36:17-69
141-->[com.google.firebase:firebase-auth:24.0.1] AndroidManifest.xml:36:25-66
142
143                <category android:name="android.intent.category.DEFAULT" />
143-->[com.google.firebase:firebase-auth:24.0.1] AndroidManifest.xml:38:17-76
143-->[com.google.firebase:firebase-auth:24.0.1] AndroidManifest.xml:38:27-73
144                <category android:name="android.intent.category.BROWSABLE" />
144-->[com.google.firebase:firebase-auth:24.0.1] AndroidManifest.xml:39:17-78
144-->[com.google.firebase:firebase-auth:24.0.1] AndroidManifest.xml:39:27-75
145
146                <data
146-->[com.google.firebase:firebase-auth:24.0.1] AndroidManifest.xml:41:17-44:51
147                    android:host="firebase.auth"
147-->[com.google.firebase:firebase-auth:24.0.1] AndroidManifest.xml:42:21-49
148                    android:path="/"
148-->[com.google.firebase:firebase-auth:24.0.1] AndroidManifest.xml:43:21-37
149                    android:scheme="recaptcha" />
149-->[com.google.firebase:firebase-auth:24.0.1] AndroidManifest.xml:44:21-48
150            </intent-filter>
151        </activity>
152
153        <service
153-->[com.google.firebase:firebase-auth:24.0.1] AndroidManifest.xml:66:9-72:19
154            android:name="com.google.firebase.components.ComponentDiscoveryService"
154-->[com.google.firebase:firebase-auth:24.0.1] AndroidManifest.xml:67:13-84
155            android:directBootAware="true"
155-->[com.google.firebase:firebase-common:21.0.0] AndroidManifest.xml:32:13-43
156            android:exported="false" >
156-->[com.google.firebase:firebase-auth:24.0.1] AndroidManifest.xml:68:13-37
157            <meta-data
157-->[com.google.firebase:firebase-auth:24.0.1] AndroidManifest.xml:69:13-71:85
158                android:name="com.google.firebase.components:com.google.firebase.auth.FirebaseAuthRegistrar"
158-->[com.google.firebase:firebase-auth:24.0.1] AndroidManifest.xml:70:17-109
159                android:value="com.google.firebase.components.ComponentRegistrar" />
159-->[com.google.firebase:firebase-auth:24.0.1] AndroidManifest.xml:71:17-82
160            <meta-data
160-->[com.google.firebase:firebase-common:21.0.0] AndroidManifest.xml:35:13-37:85
161                android:name="com.google.firebase.components:com.google.firebase.FirebaseCommonKtxRegistrar"
161-->[com.google.firebase:firebase-common:21.0.0] AndroidManifest.xml:36:17-109
162                android:value="com.google.firebase.components.ComponentRegistrar" />
162-->[com.google.firebase:firebase-common:21.0.0] AndroidManifest.xml:37:17-82
163        </service>
164        <service
164-->[androidx.credentials:credentials-play-services-auth:1.2.0-rc01] AndroidManifest.xml:24:9-32:19
165            android:name="androidx.credentials.playservices.CredentialProviderMetadataHolder"
165-->[androidx.credentials:credentials-play-services-auth:1.2.0-rc01] AndroidManifest.xml:25:13-94
166            android:enabled="true"
166-->[androidx.credentials:credentials-play-services-auth:1.2.0-rc01] AndroidManifest.xml:26:13-35
167            android:exported="false" >
167-->[androidx.credentials:credentials-play-services-auth:1.2.0-rc01] AndroidManifest.xml:27:13-37
168            <meta-data
168-->[androidx.credentials:credentials-play-services-auth:1.2.0-rc01] AndroidManifest.xml:29:13-31:104
169                android:name="androidx.credentials.CREDENTIAL_PROVIDER_KEY"
169-->[androidx.credentials:credentials-play-services-auth:1.2.0-rc01] AndroidManifest.xml:30:17-76
170                android:value="androidx.credentials.playservices.CredentialProviderPlayServicesImpl" />
170-->[androidx.credentials:credentials-play-services-auth:1.2.0-rc01] AndroidManifest.xml:31:17-101
171        </service>
172
173        <activity
173-->[androidx.credentials:credentials-play-services-auth:1.2.0-rc01] AndroidManifest.xml:34:9-41:20
174            android:name="androidx.credentials.playservices.HiddenActivity"
174-->[androidx.credentials:credentials-play-services-auth:1.2.0-rc01] AndroidManifest.xml:35:13-76
175            android:configChanges="orientation|screenSize|screenLayout|keyboardHidden"
175-->[androidx.credentials:credentials-play-services-auth:1.2.0-rc01] AndroidManifest.xml:36:13-87
176            android:enabled="true"
176-->[androidx.credentials:credentials-play-services-auth:1.2.0-rc01] AndroidManifest.xml:37:13-35
177            android:exported="false"
177-->[androidx.credentials:credentials-play-services-auth:1.2.0-rc01] AndroidManifest.xml:38:13-37
178            android:fitsSystemWindows="true"
178-->[androidx.credentials:credentials-play-services-auth:1.2.0-rc01] AndroidManifest.xml:39:13-45
179            android:theme="@style/Theme.Hidden" >
179-->[androidx.credentials:credentials-play-services-auth:1.2.0-rc01] AndroidManifest.xml:40:13-48
180        </activity>
181        <activity
181-->[com.google.android.gms:play-services-auth:20.7.0] AndroidManifest.xml:23:9-27:75
182            android:name="com.google.android.gms.auth.api.signin.internal.SignInHubActivity"
182-->[com.google.android.gms:play-services-auth:20.7.0] AndroidManifest.xml:24:13-93
183            android:excludeFromRecents="true"
183-->[com.google.android.gms:play-services-auth:20.7.0] AndroidManifest.xml:25:13-46
184            android:exported="false"
184-->[com.google.android.gms:play-services-auth:20.7.0] AndroidManifest.xml:26:13-37
185            android:theme="@android:style/Theme.Translucent.NoTitleBar" />
185-->[com.google.android.gms:play-services-auth:20.7.0] AndroidManifest.xml:27:13-72
186        <!--
187            Service handling Google Sign-In user revocation. For apps that do not integrate with
188            Google Sign-In, this service will never be started.
189        -->
190        <service
190-->[com.google.android.gms:play-services-auth:20.7.0] AndroidManifest.xml:33:9-37:51
191            android:name="com.google.android.gms.auth.api.signin.RevocationBoundService"
191-->[com.google.android.gms:play-services-auth:20.7.0] AndroidManifest.xml:34:13-89
192            android:exported="true"
192-->[com.google.android.gms:play-services-auth:20.7.0] AndroidManifest.xml:35:13-36
193            android:permission="com.google.android.gms.auth.api.signin.permission.REVOCATION_NOTIFICATION"
193-->[com.google.android.gms:play-services-auth:20.7.0] AndroidManifest.xml:36:13-107
194            android:visibleToInstantApps="true" />
194-->[com.google.android.gms:play-services-auth:20.7.0] AndroidManifest.xml:37:13-48
195
196        <provider
196-->[com.google.firebase:firebase-common:21.0.0] AndroidManifest.xml:23:9-28:39
197            android:name="com.google.firebase.provider.FirebaseInitProvider"
197-->[com.google.firebase:firebase-common:21.0.0] AndroidManifest.xml:24:13-77
198            android:authorities="com.yogistudio.app.firebaseinitprovider"
198-->[com.google.firebase:firebase-common:21.0.0] AndroidManifest.xml:25:13-72
199            android:directBootAware="true"
199-->[com.google.firebase:firebase-common:21.0.0] AndroidManifest.xml:26:13-43
200            android:exported="false"
200-->[com.google.firebase:firebase-common:21.0.0] AndroidManifest.xml:27:13-37
201            android:initOrder="100" />
201-->[com.google.firebase:firebase-common:21.0.0] AndroidManifest.xml:28:13-36
202
203        <activity
203-->[com.google.android.gms:play-services-base:18.0.1] AndroidManifest.xml:20:9-22:45
204            android:name="com.google.android.gms.common.api.GoogleApiActivity"
204-->[com.google.android.gms:play-services-base:18.0.1] AndroidManifest.xml:20:19-85
205            android:exported="false"
205-->[com.google.android.gms:play-services-base:18.0.1] AndroidManifest.xml:22:19-43
206            android:theme="@android:style/Theme.Translucent.NoTitleBar" />
206-->[com.google.android.gms:play-services-base:18.0.1] AndroidManifest.xml:21:19-78
207
208        <provider
208-->[androidx.emoji2:emoji2:1.3.0] AndroidManifest.xml:24:9-32:20
209            android:name="androidx.startup.InitializationProvider"
209-->[androidx.emoji2:emoji2:1.3.0] AndroidManifest.xml:25:13-67
210            android:authorities="com.yogistudio.app.androidx-startup"
210-->[androidx.emoji2:emoji2:1.3.0] AndroidManifest.xml:26:13-68
211            android:exported="false" >
211-->[androidx.emoji2:emoji2:1.3.0] AndroidManifest.xml:27:13-37
212            <meta-data
212-->[androidx.emoji2:emoji2:1.3.0] AndroidManifest.xml:29:13-31:52
213                android:name="androidx.emoji2.text.EmojiCompatInitializer"
213-->[androidx.emoji2:emoji2:1.3.0] AndroidManifest.xml:30:17-75
214                android:value="androidx.startup" />
214-->[androidx.emoji2:emoji2:1.3.0] AndroidManifest.xml:31:17-49
215            <meta-data
215-->[androidx.lifecycle:lifecycle-process:2.6.2] AndroidManifest.xml:29:13-31:52
216                android:name="androidx.lifecycle.ProcessLifecycleInitializer"
216-->[androidx.lifecycle:lifecycle-process:2.6.2] AndroidManifest.xml:30:17-78
217                android:value="androidx.startup" />
217-->[androidx.lifecycle:lifecycle-process:2.6.2] AndroidManifest.xml:31:17-49
218            <meta-data
218-->[androidx.profileinstaller:profileinstaller:1.4.0] AndroidManifest.xml:29:13-31:52
219                android:name="androidx.profileinstaller.ProfileInstallerInitializer"
219-->[androidx.profileinstaller:profileinstaller:1.4.0] AndroidManifest.xml:30:17-85
220                android:value="androidx.startup" />
220-->[androidx.profileinstaller:profileinstaller:1.4.0] AndroidManifest.xml:31:17-49
221        </provider>
222        <!--
223        Service for holding metadata. Cannot be instantiated.
224        Metadata will be merged from other manifests.
225        -->
226        <service
226-->[androidx.camera:camera-core:1.4.2] AndroidManifest.xml:29:9-33:78
227            android:name="androidx.camera.core.impl.MetadataHolderService"
227-->[androidx.camera:camera-core:1.4.2] AndroidManifest.xml:30:13-75
228            android:enabled="false"
228-->[androidx.camera:camera-core:1.4.2] AndroidManifest.xml:31:13-36
229            android:exported="false" />
229-->[androidx.camera:camera-core:1.4.2] AndroidManifest.xml:32:13-37
230
231        <meta-data
231-->[com.google.android.gms:play-services-basement:18.4.0] AndroidManifest.xml:6:9-122
232            android:name="com.google.android.gms.version"
232-->[com.google.android.gms:play-services-basement:18.4.0] AndroidManifest.xml:6:20-65
233            android:value="@integer/google_play_services_version" />
233-->[com.google.android.gms:play-services-basement:18.4.0] AndroidManifest.xml:6:66-119
234
235        <receiver
235-->[androidx.profileinstaller:profileinstaller:1.4.0] AndroidManifest.xml:34:9-52:20
236            android:name="androidx.profileinstaller.ProfileInstallReceiver"
236-->[androidx.profileinstaller:profileinstaller:1.4.0] AndroidManifest.xml:35:13-76
237            android:directBootAware="false"
237-->[androidx.profileinstaller:profileinstaller:1.4.0] AndroidManifest.xml:36:13-44
238            android:enabled="true"
238-->[androidx.profileinstaller:profileinstaller:1.4.0] AndroidManifest.xml:37:13-35
239            android:exported="true"
239-->[androidx.profileinstaller:profileinstaller:1.4.0] AndroidManifest.xml:38:13-36
240            android:permission="android.permission.DUMP" >
240-->[androidx.profileinstaller:profileinstaller:1.4.0] AndroidManifest.xml:39:13-57
241            <intent-filter>
241-->[androidx.profileinstaller:profileinstaller:1.4.0] AndroidManifest.xml:40:13-42:29
242                <action android:name="androidx.profileinstaller.action.INSTALL_PROFILE" />
242-->[androidx.profileinstaller:profileinstaller:1.4.0] AndroidManifest.xml:41:17-91
242-->[androidx.profileinstaller:profileinstaller:1.4.0] AndroidManifest.xml:41:25-88
243            </intent-filter>
244            <intent-filter>
244-->[androidx.profileinstaller:profileinstaller:1.4.0] AndroidManifest.xml:43:13-45:29
245                <action android:name="androidx.profileinstaller.action.SKIP_FILE" />
245-->[androidx.profileinstaller:profileinstaller:1.4.0] AndroidManifest.xml:44:17-85
245-->[androidx.profileinstaller:profileinstaller:1.4.0] AndroidManifest.xml:44:25-82
246            </intent-filter>
247            <intent-filter>
247-->[androidx.profileinstaller:profileinstaller:1.4.0] AndroidManifest.xml:46:13-48:29
248                <action android:name="androidx.profileinstaller.action.SAVE_PROFILE" />
248-->[androidx.profileinstaller:profileinstaller:1.4.0] AndroidManifest.xml:47:17-88
248-->[androidx.profileinstaller:profileinstaller:1.4.0] AndroidManifest.xml:47:25-85
249            </intent-filter>
250            <intent-filter>
250-->[androidx.profileinstaller:profileinstaller:1.4.0] AndroidManifest.xml:49:13-51:29
251                <action android:name="androidx.profileinstaller.action.BENCHMARK_OPERATION" />
251-->[androidx.profileinstaller:profileinstaller:1.4.0] AndroidManifest.xml:50:17-95
251-->[androidx.profileinstaller:profileinstaller:1.4.0] AndroidManifest.xml:50:25-92
252            </intent-filter>
253        </receiver> <!-- The activities will be merged into the manifest of the hosting app. -->
254        <activity
254-->[com.google.android.play:core-common:2.0.3] AndroidManifest.xml:14:9-18:65
255            android:name="com.google.android.play.core.common.PlayCoreDialogWrapperActivity"
255-->[com.google.android.play:core-common:2.0.3] AndroidManifest.xml:15:13-93
256            android:exported="false"
256-->[com.google.android.play:core-common:2.0.3] AndroidManifest.xml:16:13-37
257            android:stateNotNeeded="true"
257-->[com.google.android.play:core-common:2.0.3] AndroidManifest.xml:17:13-42
258            android:theme="@style/Theme.PlayCore.Transparent" />
258-->[com.google.android.play:core-common:2.0.3] AndroidManifest.xml:18:13-62
259    </application>
260
261</manifest>